{"/Volumes/Shaz Mac/ADCG-Test/Shahzad_FareCalc/FareCalc.js": {"path":"/Volumes/Shaz Mac/ADCG-Test/Shahzad_FareCalc/FareCalc.js","statementMap":{"0":{"start":{"line":4,"column":17},"end":{"line":4,"column":20}},"1":{"start":{"line":5,"column":17},"end":{"line":5,"column":20}},"2":{"start":{"line":6,"column":27},"end":{"line":6,"column":30}},"3":{"start":{"line":7,"column":45},"end":{"line":7,"column":48}},"4":{"start":{"line":8,"column":42},"end":{"line":8,"column":45}},"5":{"start":{"line":9,"column":42},"end":{"line":9,"column":46}},"6":{"start":{"line":11,"column":17},"end":{"line":16,"column":1}},"7":{"start":{"line":22,"column":8},"end":{"line":22,"column":29}},"8":{"start":{"line":23,"column":8},"end":{"line":23,"column":22}},"9":{"start":{"line":24,"column":8},"end":{"line":24,"column":25}},"10":{"start":{"line":32,"column":8},"end":{"line":36,"column":9}},"11":{"start":{"line":33,"column":12},"end":{"line":33,"column":34}},"12":{"start":{"line":35,"column":12},"end":{"line":35,"column":21}},"13":{"start":{"line":37,"column":8},"end":{"line":37,"column":27}},"14":{"start":{"line":44,"column":8},"end":{"line":44,"column":27}},"15":{"start":{"line":51,"column":8},"end":{"line":51,"column":112}},"16":{"start":{"line":59,"column":8},"end":{"line":65,"column":9}},"17":{"start":{"line":60,"column":12},"end":{"line":60,"column":38}},"18":{"start":{"line":61,"column":12},"end":{"line":61,"column":33}},"19":{"start":{"line":62,"column":12},"end":{"line":62,"column":28}},"20":{"start":{"line":64,"column":12},"end":{"line":64,"column":57}},"21":{"start":{"line":75,"column":8},"end":{"line":75,"column":28}},"22":{"start":{"line":76,"column":8},"end":{"line":76,"column":24}},"23":{"start":{"line":85,"column":8},"end":{"line":85,"column":39}},"24":{"start":{"line":93,"column":8},"end":{"line":93,"column":29}},"25":{"start":{"line":94,"column":8},"end":{"line":94,"column":24}},"26":{"start":{"line":103,"column":8},"end":{"line":114,"column":9}},"27":{"start":{"line":105,"column":12},"end":{"line":105,"column":37}},"28":{"start":{"line":108,"column":31},"end":{"line":108,"column":83}},"29":{"start":{"line":109,"column":35},"end":{"line":109,"column":89}},"30":{"start":{"line":110,"column":23},"end":{"line":110,"column":73}},"31":{"start":{"line":111,"column":12},"end":{"line":111,"column":29}},"32":{"start":{"line":113,"column":12},"end":{"line":113,"column":33}},"33":{"start":{"line":125,"column":8},"end":{"line":125,"column":80}},"34":{"start":{"line":125,"column":52},"end":{"line":125,"column":78}},"35":{"start":{"line":126,"column":8},"end":{"line":126,"column":99}},"36":{"start":{"line":126,"column":53},"end":{"line":126,"column":97}},"37":{"start":{"line":127,"column":8},"end":{"line":127,"column":95}},"38":{"start":{"line":127,"column":52},"end":{"line":127,"column":93}},"39":{"start":{"line":128,"column":8},"end":{"line":128,"column":96}},"40":{"start":{"line":128,"column":53},"end":{"line":128,"column":94}},"41":{"start":{"line":129,"column":8},"end":{"line":129,"column":50}},"42":{"start":{"line":129,"column":32},"end":{"line":129,"column":48}},"43":{"start":{"line":130,"column":8},"end":{"line":130,"column":24}},"44":{"start":{"line":139,"column":30},"end":{"line":139,"column":32}},"45":{"start":{"line":140,"column":8},"end":{"line":150,"column":11}},"46":{"start":{"line":141,"column":12},"end":{"line":149,"column":15}},"47":{"start":{"line":142,"column":35},"end":{"line":142,"column":66}},"48":{"start":{"line":143,"column":16},"end":{"line":145,"column":17}},"49":{"start":{"line":144,"column":20},"end":{"line":144,"column":51}},"50":{"start":{"line":146,"column":16},"end":{"line":148,"column":17}},"51":{"start":{"line":147,"column":20},"end":{"line":147,"column":27}},"52":{"start":{"line":151,"column":8},"end":{"line":151,"column":31}},"53":{"start":{"line":160,"column":8},"end":{"line":160,"column":56}},"54":{"start":{"line":165,"column":0},"end":{"line":168,"column":3}}},"fnMap":{"0":{"name":"(anonymous_0)","decl":{"start":{"line":21,"column":4},"end":{"line":21,"column":5}},"loc":{"start":{"line":21,"column":29},"end":{"line":25,"column":5}},"line":21},"1":{"name":"(anonymous_1)","decl":{"start":{"line":31,"column":4},"end":{"line":31,"column":5}},"loc":{"start":{"line":31,"column":22},"end":{"line":38,"column":5}},"line":31},"2":{"name":"(anonymous_2)","decl":{"start":{"line":43,"column":4},"end":{"line":43,"column":5}},"loc":{"start":{"line":43,"column":16},"end":{"line":45,"column":5}},"line":43},"3":{"name":"(anonymous_3)","decl":{"start":{"line":50,"column":4},"end":{"line":50,"column":5}},"loc":{"start":{"line":50,"column":15},"end":{"line":52,"column":5}},"line":50},"4":{"name":"(anonymous_4)","decl":{"start":{"line":57,"column":4},"end":{"line":57,"column":5}},"loc":{"start":{"line":57,"column":26},"end":{"line":66,"column":5}},"line":57},"5":{"name":"(anonymous_5)","decl":{"start":{"line":72,"column":4},"end":{"line":72,"column":5}},"loc":{"start":{"line":72,"column":18},"end":{"line":78,"column":5}},"line":72},"6":{"name":"(anonymous_6)","decl":{"start":{"line":83,"column":4},"end":{"line":83,"column":5}},"loc":{"start":{"line":83,"column":32},"end":{"line":86,"column":5}},"line":83},"7":{"name":"(anonymous_7)","decl":{"start":{"line":91,"column":4},"end":{"line":91,"column":5}},"loc":{"start":{"line":91,"column":23},"end":{"line":96,"column":5}},"line":91},"8":{"name":"(anonymous_8)","decl":{"start":{"line":101,"column":4},"end":{"line":101,"column":5}},"loc":{"start":{"line":101,"column":19},"end":{"line":117,"column":5}},"line":101},"9":{"name":"(anonymous_9)","decl":{"start":{"line":124,"column":4},"end":{"line":124,"column":5}},"loc":{"start":{"line":124,"column":50},"end":{"line":131,"column":5}},"line":124},"10":{"name":"(anonymous_10)","decl":{"start":{"line":138,"column":4},"end":{"line":138,"column":5}},"loc":{"start":{"line":138,"column":30},"end":{"line":152,"column":5}},"line":138},"11":{"name":"(anonymous_11)","decl":{"start":{"line":140,"column":21},"end":{"line":140,"column":22}},"loc":{"start":{"line":140,"column":39},"end":{"line":150,"column":9}},"line":140},"12":{"name":"(anonymous_12)","decl":{"start":{"line":141,"column":23},"end":{"line":141,"column":24}},"loc":{"start":{"line":141,"column":39},"end":{"line":149,"column":13}},"line":141},"13":{"name":"(anonymous_13)","decl":{"start":{"line":159,"column":4},"end":{"line":159,"column":5}},"loc":{"start":{"line":159,"column":32},"end":{"line":161,"column":5}},"line":159}},"branchMap":{"0":{"loc":{"start":{"line":21,"column":17},"end":{"line":21,"column":27}},"type":"default-arg","locations":[{"start":{"line":21,"column":26},"end":{"line":21,"column":27}}],"line":21},"1":{"loc":{"start":{"line":32,"column":8},"end":{"line":36,"column":9}},"type":"if","locations":[{"start":{"line":32,"column":8},"end":{"line":36,"column":9}},{"start":{"line":34,"column":15},"end":{"line":36,"column":9}}],"line":32},"2":{"loc":{"start":{"line":51,"column":9},"end":{"line":51,"column":110}},"type":"cond-expr","locations":[{"start":{"line":51,"column":36},"end":{"line":51,"column":60}},{"start":{"line":51,"column":63},"end":{"line":51,"column":110}}],"line":51},"3":{"loc":{"start":{"line":59,"column":8},"end":{"line":65,"column":9}},"type":"if","locations":[{"start":{"line":59,"column":8},"end":{"line":65,"column":9}},{"start":{"line":63,"column":15},"end":{"line":65,"column":9}}],"line":59},"4":{"loc":{"start":{"line":103,"column":8},"end":{"line":114,"column":9}},"type":"if","locations":[{"start":{"line":103,"column":8},"end":{"line":114,"column":9}},{"start":{"line":112,"column":15},"end":{"line":114,"column":9}}],"line":103},"5":{"loc":{"start":{"line":125,"column":8},"end":{"line":125,"column":80}},"type":"if","locations":[{"start":{"line":125,"column":8},"end":{"line":125,"column":80}},{"start":{},"end":{}}],"line":125},"6":{"loc":{"start":{"line":125,"column":11},"end":{"line":125,"column":48}},"type":"binary-expr","locations":[{"start":{"line":125,"column":11},"end":{"line":125,"column":28}},{"start":{"line":125,"column":32},"end":{"line":125,"column":48}}],"line":125},"7":{"loc":{"start":{"line":126,"column":8},"end":{"line":126,"column":99}},"type":"if","locations":[{"start":{"line":126,"column":8},"end":{"line":126,"column":99}},{"start":{},"end":{}}],"line":126},"8":{"loc":{"start":{"line":126,"column":11},"end":{"line":126,"column":49}},"type":"binary-expr","locations":[{"start":{"line":126,"column":11},"end":{"line":126,"column":28}},{"start":{"line":126,"column":32},"end":{"line":126,"column":49}}],"line":126},"9":{"loc":{"start":{"line":127,"column":8},"end":{"line":127,"column":95}},"type":"if","locations":[{"start":{"line":127,"column":8},"end":{"line":127,"column":95}},{"start":{},"end":{}}],"line":127},"10":{"loc":{"start":{"line":127,"column":11},"end":{"line":127,"column":48}},"type":"binary-expr","locations":[{"start":{"line":127,"column":11},"end":{"line":127,"column":28}},{"start":{"line":127,"column":32},"end":{"line":127,"column":48}}],"line":127},"11":{"loc":{"start":{"line":128,"column":8},"end":{"line":128,"column":96}},"type":"if","locations":[{"start":{"line":128,"column":8},"end":{"line":128,"column":96}},{"start":{},"end":{}}],"line":128},"12":{"loc":{"start":{"line":128,"column":11},"end":{"line":128,"column":49}},"type":"binary-expr","locations":[{"start":{"line":128,"column":11},"end":{"line":128,"column":28}},{"start":{"line":128,"column":32},"end":{"line":128,"column":49}}],"line":128},"13":{"loc":{"start":{"line":129,"column":8},"end":{"line":129,"column":50}},"type":"if","locations":[{"start":{"line":129,"column":8},"end":{"line":129,"column":50}},{"start":{},"end":{}}],"line":129},"14":{"loc":{"start":{"line":143,"column":16},"end":{"line":145,"column":17}},"type":"if","locations":[{"start":{"line":143,"column":16},"end":{"line":145,"column":17}},{"start":{},"end":{}}],"line":143},"15":{"loc":{"start":{"line":146,"column":16},"end":{"line":148,"column":17}},"type":"if","locations":[{"start":{"line":146,"column":16},"end":{"line":148,"column":17}},{"start":{},"end":{}}],"line":146},"16":{"loc":{"start":{"line":160,"column":15},"end":{"line":160,"column":55}},"type":"binary-expr","locations":[{"start":{"line":160,"column":16},"end":{"line":160,"column":32}},{"start":{"line":160,"column":39},"end":{"line":160,"column":53}}],"line":160}},"s":{"0":1,"1":1,"2":1,"3":1,"4":1,"5":1,"6":1,"7":2,"8":2,"9":2,"10":0,"11":0,"12":0,"13":0,"14":1,"15":1,"16":0,"17":0,"18":0,"19":0,"20":0,"21":1,"22":1,"23":1,"24":0,"25":0,"26":1,"27":0,"28":0,"29":0,"30":0,"31":0,"32":1,"33":5,"34":1,"35":4,"36":1,"37":3,"38":1,"39":2,"40":1,"41":1,"42":1,"43":0,"44":0,"45":0,"46":0,"47":0,"48":0,"49":0,"50":0,"51":0,"52":0,"53":0,"54":1},"f":{"0":2,"1":0,"2":1,"3":1,"4":0,"5":1,"6":1,"7":0,"8":1,"9":5,"10":0,"11":0,"12":0,"13":0},"b":{"0":[1],"1":[0,0],"2":[1,0],"3":[0,0],"4":[0,1],"5":[1,4],"6":[5,2],"7":[1,3],"8":[4,1],"9":[1,2],"10":[3,2],"11":[1,1],"12":[2,1],"13":[1,0],"14":[0,0],"15":[0,0],"16":[0,0]},"_coverageSchema":"1a1c01bbd47fc00a2c39e90264f33305004495a9","hash":"0e8c1b06b7c3778fa9b0eb6287b25fda030fc9da"}
}
