TN:
SF:FareCalc.js
FN:21,(anonymous_0)
FN:31,(anonymous_1)
FN:43,(anonymous_2)
FN:50,(anonymous_3)
FN:57,(anonymous_4)
FN:72,(anonymous_5)
FN:83,(anonymous_6)
FN:91,(anonymous_7)
FN:101,(anonymous_8)
FN:124,(anonymous_9)
FN:138,(anonymous_10)
FN:140,(anonymous_11)
FN:141,(anonymous_12)
FN:159,(anonymous_13)
FNF:14
FNH:7
FNDA:2,(anonymous_0)
FNDA:0,(anonymous_1)
FNDA:1,(anonymous_2)
FNDA:1,(anonymous_3)
FNDA:0,(anonymous_4)
FNDA:1,(anonymous_5)
FNDA:1,(anonymous_6)
FNDA:0,(anonymous_7)
FNDA:1,(anonymous_8)
FNDA:5,(anonymous_9)
FNDA:0,(anonymous_10)
FNDA:0,(anonymous_11)
FNDA:0,(anonymous_12)
FNDA:0,(anonymous_13)
DA:4,1
DA:5,1
DA:6,1
DA:7,1
DA:8,1
DA:9,1
DA:11,1
DA:22,2
DA:23,2
DA:24,2
DA:32,0
DA:33,0
DA:35,0
DA:37,0
DA:44,1
DA:51,1
DA:59,0
DA:60,0
DA:61,0
DA:62,0
DA:64,0
DA:75,1
DA:76,1
DA:85,1
DA:93,0
DA:94,0
DA:103,1
DA:105,0
DA:108,0
DA:109,0
DA:110,0
DA:111,0
DA:113,1
DA:125,5
DA:126,4
DA:127,3
DA:128,2
DA:129,1
DA:130,0
DA:139,0
DA:140,0
DA:141,0
DA:142,0
DA:143,0
DA:144,0
DA:146,0
DA:147,0
DA:151,0
DA:160,0
DA:165,1
LF:50
LH:23
BRDA:21,0,0,1
BRDA:32,1,0,0
BRDA:32,1,1,0
BRDA:51,2,0,1
BRDA:51,2,1,0
BRDA:59,3,0,0
BRDA:59,3,1,0
BRDA:103,4,0,0
BRDA:103,4,1,1
BRDA:125,5,0,1
BRDA:125,5,1,4
BRDA:125,6,0,5
BRDA:125,6,1,2
BRDA:126,7,0,1
BRDA:126,7,1,3
BRDA:126,8,0,4
BRDA:126,8,1,1
BRDA:127,9,0,1
BRDA:127,9,1,2
BRDA:127,10,0,3
BRDA:127,10,1,2
BRDA:128,11,0,1
BRDA:128,11,1,1
BRDA:128,12,0,2
BRDA:128,12,1,1
BRDA:129,13,0,1
BRDA:129,13,1,0
BRDA:143,14,0,0
BRDA:143,14,1,0
BRDA:146,15,0,0
BRDA:146,15,1,0
BRDA:160,16,0,0
BRDA:160,16,1,0
BRF:33
BRH:20
end_of_record
